Sort  (cost=14435.64..14462.91 rows=10908 width=129) (actual time=200.400..202.861 rows=27785 loops=1)
"  Output: e.nombre, ((((m.nombre)::text || ' '::text) || (m.apellido)::text)), (count(c.id_cita)), (count(CASE WHEN ((c.estado)::text = 'atendida'::text) THEN 1 ELSE NULL::integer END)), (count(CASE WHEN ((c.estado)::text = 'cancelada'::text) THEN 1 ELSE NULL::integer END)), (round((((count(CASE WHEN ((c.estado)::text = 'atendida'::text) THEN 1 ELSE NULL::integer END))::numeric * 100.0) / (count(c.id_cita))::numeric), 2)), m.dni, m.nombre, m.apellido"
  Sort Key: (count(c.id_cita)) DESC
  Sort Method: external merge  Disk: 2656kB
"  Buffers: shared hit=4226, temp read=332 written=333"
  ->  HashAggregate  (cost=13104.15..13704.09 rows=10908 width=129) (actual time=159.933..175.408 rows=27785 loops=1)
"        Output: e.nombre, (((m.nombre)::text || ' '::text) || (m.apellido)::text), count(c.id_cita), count(CASE WHEN ((c.estado)::text = 'atendida'::text) THEN 1 ELSE NULL::integer END), count(CASE WHEN ((c.estado)::text = 'cancelada'::text) THEN 1 ELSE NULL::integer END), round((((count(CASE WHEN ((c.estado)::text = 'atendida'::text) THEN 1 ELSE NULL::integer END))::numeric * 100.0) / (count(c.id_cita))::numeric), 2), m.dni, m.nombre, m.apellido"
"        Group Key: e.nombre, m.dni"
        Filter: (count(c.id_cita) > 0)
        Batches: 1  Memory Usage: 5905kB
        Buffers: shared hit=4223
        ->  Hash Join  (cost=9754.24..12531.48 rows=32724 width=54) (actual time=114.258..142.782 rows=32607 loops=1)
"              Output: e.nombre, m.dni, m.nombre, m.apellido, c.id_cita, c.estado"
              Hash Cond: ((e.nombre)::text = (me.nombre_especialidad)::text)
              Buffers: shared hit=4223
              ->  Seq Scan on public.especialidad e  (cost=0.00..2075.00 rows=100000 width=18) (actual time=0.012..5.637 rows=100000 loops=1)
"                    Output: e.nombre, e.descripcion"
                    Buffers: shared hit=1075
              ->  Hash  (cost=9345.19..9345.19 rows=32724 width=54) (actual time=114.109..114.114 rows=32607 loops=1)
"                    Output: m.nombre, m.apellido, m.dni, me.nombre_especialidad, c.id_cita, c.estado"
                    Buckets: 32768  Batches: 1  Memory Usage: 3107kB
                    Buffers: shared hit=3148
                    ->  Hash Join  (cost=6906.95..9345.19 rows=32724 width=54) (actual time=76.879..104.573 rows=32607 loops=1)
"                          Output: m.nombre, m.apellido, m.dni, me.nombre_especialidad, c.id_cita, c.estado"
                          Hash Cond: (me.dni_medico = m.dni)
                          Buffers: shared hit=3148
                          ->  Seq Scan on public.medico_especialidad me  (cost=0.00..1736.00 rows=100000 width=27) (actual time=0.007..5.389 rows=100000 loops=1)
"                                Output: me.dni_medico, me.nombre_especialidad"
                                Buffers: shared hit=736
                          ->  Hash  (cost=6497.90..6497.90 rows=32724 width=45) (actual time=76.762..76.765 rows=32607 loops=1)
"                                Output: m.nombre, m.apellido, m.dni, c.id_cita, c.estado, c.dni_medico"
                                Buckets: 32768  Batches: 1  Memory Usage: 2792kB
                                Buffers: shared hit=2412
                                ->  Hash Join  (cost=3427.00..6497.90 rows=32724 width=45) (actual time=38.070..67.577 rows=32607 loops=1)
"                                      Output: m.nombre, m.apellido, m.dni, c.id_cita, c.estado, c.dni_medico"
                                      Inner Unique: true
                                      Hash Cond: (c.dni_medico = m.dni)
                                      Buffers: shared hit=2412
                                      ->  Seq Scan on public.cita c  (cost=0.00..2985.00 rows=32724 width=22) (actual time=0.014..18.090 rows=32607 loops=1)
"                                            Output: c.id_cita, c.dni_paciente, c.dni_medico, c.fecha, c.hora, c.estado, c.dni_personal, c.numero_consultorio"
                                            Filter: (c.fecha >= (CURRENT_DATE - '6 mons'::interval))
                                            Rows Removed by Filter: 67393
                                            Buffers: shared hit=1235
                                      ->  Hash  (cost=2177.00..2177.00 rows=100000 width=23) (actual time=37.682..37.684 rows=100000 loops=1)
"                                            Output: m.nombre, m.apellido, m.dni"
                                            Buckets: 131072  Batches: 1  Memory Usage: 6406kB
                                            Buffers: shared hit=1177
                                            ->  Seq Scan on public.medico m  (cost=0.00..2177.00 rows=100000 width=23) (actual time=0.011..14.352 rows=100000 loops=1)
"                                                  Output: m.nombre, m.apellido, m.dni"
                                                  Buffers: shared hit=1177
Planning:
  Buffers: shared hit=418 read=1
Planning Time: 2.224 ms
Execution Time: 207.241 ms
