Sort  (cost=494800.66..499222.28 rows=1768649 width=122) (actual time=1390.884..1391.225 rows=9550 loops=1)
"  Output: e_1.nombre, (count(DISTINCT m.dni)), (count(DISTINCT CASE WHEN (c.fecha >= (CURRENT_DATE - '1 mon'::interval)) THEN m.dni ELSE NULL::bpchar END)), (count(c_1.id_cita)), (count(CASE WHEN ((c_1.estado)::text = 'cancelada'::text) THEN 1 ELSE NULL::integer END)), (count(CASE WHEN (c_1.fecha > CURRENT_DATE) THEN 1 ELSE NULL::integer END)), (round((((count(c_1.id_cita)))::numeric / (NULLIF((count(DISTINCT CASE WHEN (c.fecha >= (CURRENT_DATE - '1 mon'::interval)) THEN m.dni ELSE NULL::bpchar END)), 0))::numeric), 2)), (round(((((count(CASE WHEN ((c_1.estado)::text = 'cancelada'::text) THEN 1 ELSE NULL::integer END)))::numeric * 100.0) / ((count(c_1.id_cita)))::numeric), 2))"
"  Sort Key: (round((((count(c_1.id_cita)))::numeric / (NULLIF((count(DISTINCT CASE WHEN (c.fecha >= (CURRENT_DATE - '1 mon'::interval)) THEN m.dni ELSE NULL::bpchar END)), 0))::numeric), 2)) DESC"
  Sort Method: quicksort  Memory: 1439kB
"  Buffers: shared hit=7269, temp read=815 written=819"
  ->  Hash Join  (cost=33908.13..81547.04 rows=1768649 width=122) (actual time=1060.960..1387.393 rows=9550 loops=1)
"        Output: e_1.nombre, (count(DISTINCT m.dni)), (count(DISTINCT CASE WHEN (c.fecha >= (CURRENT_DATE - '1 mon'::interval)) THEN m.dni ELSE NULL::bpchar END)), (count(c_1.id_cita)), (count(CASE WHEN ((c_1.estado)::text = 'cancelada'::text) THEN 1 ELSE NULL::integer END)), (count(CASE WHEN (c_1.fecha > CURRENT_DATE) THEN 1 ELSE NULL::integer END)), round((((count(c_1.id_cita)))::numeric / (NULLIF((count(DISTINCT CASE WHEN (c.fecha >= (CURRENT_DATE - '1 mon'::interval)) THEN m.dni ELSE NULL::bpchar END)), 0))::numeric), 2), round(((((count(CASE WHEN ((c_1.estado)::text = 'cancelada'::text) THEN 1 ELSE NULL::integer END)))::numeric * 100.0) / ((count(c_1.id_cita)))::numeric), 2)"
        Inner Unique: true
        Hash Cond: ((e.nombre)::text = (e_1.nombre)::text)
"        Buffers: shared hit=7269, temp read=815 written=819"
        ->  GroupAggregate  (cost=24571.84..27571.84 rows=33333 width=34) (actual time=961.337..1272.845 rows=63441 loops=1)
"              Output: e.nombre, count(DISTINCT m.dni), count(DISTINCT CASE WHEN (c.fecha >= (CURRENT_DATE - '1 mon'::interval)) THEN m.dni ELSE NULL::bpchar END)"
              Group Key: e.nombre
              Filter: (count(DISTINCT m.dni) > 0)
              Rows Removed by Filter: 36559
"              Buffers: shared hit=4223, temp read=815 written=819"
              ->  Sort  (cost=24571.84..24821.84 rows=100000 width=31) (actual time=961.276..1102.984 rows=173232 loops=1)
"                    Output: e.nombre, m.dni, c.fecha"
                    Sort Key: e.nombre
                    Sort Method: external merge  Disk: 6520kB
"                    Buffers: shared hit=4223, temp read=815 written=819"
                    ->  Hash Right Join  (cost=9738.00..13873.02 rows=100000 width=31) (actual time=74.913..231.307 rows=173232 loops=1)
"                          Output: e.nombre, m.dni, c.fecha"
                          Inner Unique: true
                          Hash Cond: ((me.nombre_especialidad)::text = (e.nombre)::text)
                          Buffers: shared hit=4223
                          ->  Hash Right Join  (cost=6413.00..10285.51 rows=100000 width=31) (actual time=52.471..155.749 rows=136673 loops=1)
"                                Output: me.nombre_especialidad, m.dni, c.fecha"
                                Hash Cond: (m.dni = me.dni_medico)
                                Buffers: shared hit=3148
                                ->  Hash Right Join  (cost=3427.00..5924.51 rows=100000 width=13) (actual time=28.941..79.838 rows=136673 loops=1)
"                                      Output: m.dni, c.fecha"
                                      Inner Unique: true
                                      Hash Cond: (c.dni_medico = m.dni)
                                      Buffers: shared hit=2412
                                      ->  Seq Scan on public.cita c  (cost=0.00..2235.00 rows=100000 width=13) (actual time=0.008..5.844 rows=100000 loops=1)
"                                            Output: c.id_cita, c.dni_paciente, c.dni_medico, c.fecha, c.hora, c.estado, c.dni_personal, c.numero_consultorio"
                                            Buffers: shared hit=1235
                                      ->  Hash  (cost=2177.00..2177.00 rows=100000 width=9) (actual time=28.452..28.453 rows=100000 loops=1)
                                            Output: m.dni
                                            Buckets: 131072  Batches: 1  Memory Usage: 5028kB
                                            Buffers: shared hit=1177
                                            ->  Seq Scan on public.medico m  (cost=0.00..2177.00 rows=100000 width=9) (actual time=0.035..8.369 rows=100000 loops=1)
                                                  Output: m.dni
                                                  Buffers: shared hit=1177
                                ->  Hash  (cost=1736.00..1736.00 rows=100000 width=27) (actual time=23.197..23.198 rows=100000 loops=1)
"                                      Output: me.nombre_especialidad, me.dni_medico"
                                      Buckets: 131072  Batches: 1  Memory Usage: 6873kB
                                      Buffers: shared hit=736
                                      ->  Seq Scan on public.medico_especialidad me  (cost=0.00..1736.00 rows=100000 width=27) (actual time=0.033..7.409 rows=100000 loops=1)
"                                            Output: me.nombre_especialidad, me.dni_medico"
                                            Buffers: shared hit=736
                          ->  Hash  (cost=2075.00..2075.00 rows=100000 width=18) (actual time=21.961..21.962 rows=100000 loops=1)
                                Output: e.nombre
                                Buckets: 131072  Batches: 1  Memory Usage: 5994kB
                                Buffers: shared hit=1075
                                ->  Seq Scan on public.especialidad e  (cost=0.00..2075.00 rows=100000 width=18) (actual time=0.031..7.174 rows=100000 loops=1)
                                      Output: e.nombre
                                      Buffers: shared hit=1075
        ->  Hash  (cost=9203.64..9203.64 rows=10612 width=42) (actual time=99.460..99.463 rows=9550 loops=1)
"              Output: e_1.nombre, (count(c_1.id_cita)), (count(CASE WHEN ((c_1.estado)::text = 'cancelada'::text) THEN 1 ELSE NULL::integer END)), (count(CASE WHEN (c_1.fecha > CURRENT_DATE) THEN 1 ELSE NULL::integer END))"
              Buckets: 16384  Batches: 1  Memory Usage: 875kB
              Buffers: shared hit=3046
              ->  HashAggregate  (cost=8991.40..9097.52 rows=10612 width=42) (actual time=96.192..97.630 rows=9550 loops=1)
"                    Output: e_1.nombre, count(c_1.id_cita), count(CASE WHEN ((c_1.estado)::text = 'cancelada'::text) THEN 1 ELSE NULL::integer END), count(CASE WHEN (c_1.fecha > CURRENT_DATE) THEN 1 ELSE NULL::integer END)"
                    Group Key: e_1.nombre
                    Batches: 1  Memory Usage: 1937kB
                    Buffers: shared hit=3046
                    ->  Hash Join  (cost=6249.56..8805.68 rows=10612 width=35) (actual time=75.632..92.698 rows=10523 loops=1)
"                          Output: e_1.nombre, c_1.id_cita, c_1.estado, c_1.fecha"
                          Hash Cond: ((e_1.nombre)::text = (me_1.nombre_especialidad)::text)
                          Buffers: shared hit=3046
                          ->  Seq Scan on public.especialidad e_1  (cost=0.00..2075.00 rows=100000 width=18) (actual time=0.014..5.086 rows=100000 loops=1)
"                                Output: e_1.nombre, e_1.descripcion"
                                Buffers: shared hit=1075
                          ->  Hash  (cost=6116.91..6116.91 rows=10612 width=35) (actual time=75.574..75.576 rows=10523 loops=1)
"                                Output: me_1.nombre_especialidad, c_1.id_cita, c_1.estado, c_1.fecha"
                                Buckets: 16384  Batches: 1  Memory Usage: 868kB
                                Buffers: shared hit=1971
                                ->  Hash Join  (cost=2986.00..6116.91 rows=10612 width=35) (actual time=57.534..73.327 rows=10523 loops=1)
"                                      Output: me_1.nombre_especialidad, c_1.id_cita, c_1.estado, c_1.fecha"
                                      Hash Cond: (c_1.dni_medico = me_1.dni_medico)
                                      Buffers: shared hit=1971
                                      ->  Seq Scan on public.cita c_1  (cost=0.00..2985.00 rows=10612 width=26) (actual time=27.903..39.598 rows=10523 loops=1)
"                                            Output: c_1.id_cita, c_1.dni_paciente, c_1.dni_medico, c_1.fecha, c_1.hora, c_1.estado, c_1.dni_personal, c_1.numero_consultorio"
                                            Filter: (c_1.fecha >= (CURRENT_DATE - '2 mons'::interval))
                                            Rows Removed by Filter: 89477
                                            Buffers: shared hit=1235
                                      ->  Hash  (cost=1736.00..1736.00 rows=100000 width=27) (actual time=24.890..24.891 rows=100000 loops=1)
"                                            Output: me_1.nombre_especialidad, me_1.dni_medico"
                                            Buckets: 131072  Batches: 1  Memory Usage: 6873kB
                                            Buffers: shared hit=736
                                            ->  Seq Scan on public.medico_especialidad me_1  (cost=0.00..1736.00 rows=100000 width=27) (actual time=0.023..7.557 rows=100000 loops=1)
"                                                  Output: me_1.nombre_especialidad, me_1.dni_medico"
                                                  Buffers: shared hit=736
Planning:
  Buffers: shared hit=72
Planning Time: 0.680 ms
JIT:
  Functions: 65
"  Options: Inlining false, Optimization false, Expressions true, Deforming true"
"  Timing: Generation 2.589 ms, Inlining 0.000 ms, Optimization 2.719 ms, Emission 25.383 ms, Total 30.691 ms"
Execution Time: 1398.873 ms
