Sort  (cost=178.70..179.25 rows=220 width=158) (actual time=3.404..3.407 rows=25 loops=1)
"  Output: p.dni, ((((p.nombre)::text || ' '::text) || (p.apellido)::text)), p.tipo_seguro, (count(c.id_cita)), (count(DISTINCT c.dni_medico)), (count(DISTINCT me.nombre_especialidad)), (min(c.fecha)), (max(c.fecha)), (avg((EXTRACT(epoch FROM c.hora) / '3600'::numeric))), (string_agg(DISTINCT (me.nombre_especialidad)::text, ', '::text)), p.nombre, p.apellido"
"  Sort Key: (count(c.id_cita)) DESC, (count(DISTINCT me.nombre_especialidad)) DESC"
  Sort Method: quicksort  Memory: 29kB
  Buffers: shared hit=35
  ->  GroupAggregate  (cost=139.30..170.14 rows=220 width=158) (actual time=1.657..3.391 rows=25 loops=1)
"        Output: p.dni, (((p.nombre)::text || ' '::text) || (p.apellido)::text), p.tipo_seguro, count(c.id_cita), count(DISTINCT c.dni_medico), count(DISTINCT me.nombre_especialidad), min(c.fecha), max(c.fecha), avg((EXTRACT(epoch FROM c.hora) / '3600'::numeric)), string_agg(DISTINCT (me.nombre_especialidad)::text, ', '::text), p.nombre, p.apellido"
        Group Key: p.dni
        Filter: (count(c.id_cita) >= 3)
        Rows Removed by Filter: 466
        Buffers: shared hit=35
        ->  Sort  (cost=139.30..140.95 rows=661 width=71) (actual time=1.579..1.611 rows=659 loops=1)
"              Output: p.dni, p.nombre, p.apellido, p.tipo_seguro, c.id_cita, c.dni_medico, me.nombre_especialidad, c.fecha, c.hora"
              Sort Key: p.dni
              Sort Method: quicksort  Memory: 100kB
              Buffers: shared hit=35
              ->  Hash Join  (cost=67.00..108.34 rows=661 width=71) (actual time=0.528..1.006 rows=659 loops=1)
"                    Output: p.dni, p.nombre, p.apellido, p.tipo_seguro, c.id_cita, c.dni_medico, me.nombre_especialidad, c.fecha, c.hora"
                    Hash Cond: (c.dni_medico = me.dni_medico)
                    Buffers: shared hit=35
                    ->  Hash Join  (cost=36.50..68.75 rows=661 width=55) (actual time=0.305..0.636 rows=659 loops=1)
"                          Output: p.dni, p.nombre, p.apellido, p.tipo_seguro, c.id_cita, c.dni_medico, c.fecha, c.hora"
                          Inner Unique: true
                          Hash Cond: (c.dni_paciente = p.dni)
                          Buffers: shared hit=27
                          ->  Seq Scan on public.cita c  (cost=0.00..30.50 rows=661 width=34) (actual time=0.003..0.158 rows=659 loops=1)
"                                Output: c.id_cita, c.dni_paciente, c.dni_medico, c.fecha, c.hora, c.estado, c.dni_personal, c.numero_consultorio"
                                Filter: (c.fecha >= (CURRENT_DATE - '1 year'::interval))
                                Rows Removed by Filter: 341
                                Buffers: shared hit=13
                          ->  Hash  (cost=24.00..24.00 rows=1000 width=30) (actual time=0.280..0.281 rows=1000 loops=1)
"                                Output: p.dni, p.nombre, p.apellido, p.tipo_seguro"
                                Buckets: 1024  Batches: 1  Memory Usage: 69kB
                                Buffers: shared hit=14
                                ->  Seq Scan on public.paciente p  (cost=0.00..24.00 rows=1000 width=30) (actual time=0.005..0.129 rows=1000 loops=1)
"                                      Output: p.dni, p.nombre, p.apellido, p.tipo_seguro"
                                      Buffers: shared hit=14
                    ->  Hash  (cost=18.00..18.00 rows=1000 width=25) (actual time=0.219..0.219 rows=1000 loops=1)
"                          Output: me.nombre_especialidad, me.dni_medico"
                          Buckets: 1024  Batches: 1  Memory Usage: 65kB
                          Buffers: shared hit=8
                          ->  Seq Scan on public.medico_especialidad me  (cost=0.00..18.00 rows=1000 width=25) (actual time=0.006..0.096 rows=1000 loops=1)
"                                Output: me.nombre_especialidad, me.dni_medico"
                                Buffers: shared hit=8
Planning:
  Buffers: shared hit=26
Planning Time: 0.429 ms
Execution Time: 3.449 ms
