Sort  (cost=1434.09..1436.79 rows=1079 width=128) (actual time=16.436..16.539 rows=2745 loops=1)
"  Output: e.nombre, ((((m.nombre)::text || ' '::text) || (m.apellido)::text)), (count(c.id_cita)), (count(CASE WHEN ((c.estado)::text = 'atendida'::text) THEN 1 ELSE NULL::integer END)), (count(CASE WHEN ((c.estado)::text = 'cancelada'::text) THEN 1 ELSE NULL::integer END)), (round((((count(CASE WHEN ((c.estado)::text = 'atendida'::text) THEN 1 ELSE NULL::integer END))::numeric * 100.0) / (count(c.id_cita))::numeric), 2)), m.dni, m.nombre, m.apellido"
  Sort Key: (count(c.id_cita)) DESC
  Sort Method: quicksort  Memory: 445kB
  Buffers: shared hit=425
  ->  HashAggregate  (cost=1320.37..1379.73 rows=1079 width=128) (actual time=14.289..15.685 rows=2745 loops=1)
"        Output: e.nombre, (((m.nombre)::text || ' '::text) || (m.apellido)::text), count(c.id_cita), count(CASE WHEN ((c.estado)::text = 'atendida'::text) THEN 1 ELSE NULL::integer END), count(CASE WHEN ((c.estado)::text = 'cancelada'::text) THEN 1 ELSE NULL::integer END), round((((count(CASE WHEN ((c.estado)::text = 'atendida'::text) THEN 1 ELSE NULL::integer END))::numeric * 100.0) / (count(c.id_cita))::numeric), 2), m.dni, m.nombre, m.apellido"
"        Group Key: e.nombre, m.dni"
        Filter: (count(c.id_cita) > 0)
        Batches: 1  Memory Usage: 625kB
        Buffers: shared hit=422
        ->  Hash Join  (cost=974.33..1263.71 rows=3238 width=53) (actual time=10.184..12.935 rows=3245 loops=1)
"              Output: e.nombre, m.dni, m.nombre, m.apellido, c.id_cita, c.estado"
              Hash Cond: ((e.nombre)::text = (me.nombre_especialidad)::text)
              Buffers: shared hit=422
              ->  Seq Scan on public.especialidad e  (cost=0.00..207.00 rows=10000 width=17) (actual time=0.009..0.683 rows=10000 loops=1)
"                    Output: e.nombre, e.descripcion"
                    Buffers: shared hit=107
              ->  Hash  (cost=933.85..933.85 rows=3238 width=53) (actual time=10.147..10.152 rows=3245 loops=1)
"                    Output: m.nombre, m.apellido, m.dni, me.nombre_especialidad, c.id_cita, c.estado"
                    Buckets: 4096  Batches: 1  Memory Usage: 313kB
                    Buffers: shared hit=315
                    ->  Hash Join  (cost=689.97..933.85 rows=3238 width=53) (actual time=6.998..9.405 rows=3245 loops=1)
"                          Output: m.nombre, m.apellido, m.dni, me.nombre_especialidad, c.id_cita, c.estado"
                          Hash Cond: (me.dni_medico = m.dni)
                          Buffers: shared hit=315
                          ->  Seq Scan on public.medico_especialidad me  (cost=0.00..174.00 rows=10000 width=26) (actual time=0.007..0.525 rows=10000 loops=1)
"                                Output: me.dni_medico, me.nombre_especialidad"
                                Buffers: shared hit=74
                          ->  Hash  (cost=649.50..649.50 rows=3238 width=45) (actual time=6.971..6.974 rows=3245 loops=1)
"                                Output: m.nombre, m.apellido, m.dni, c.id_cita, c.estado, c.dni_medico"
                                Buckets: 4096  Batches: 1  Memory Usage: 285kB
                                Buffers: shared hit=241
                                ->  Hash Join  (cost=342.00..649.50 rows=3238 width=45) (actual time=3.201..6.211 rows=3245 loops=1)
"                                      Output: m.nombre, m.apellido, m.dni, c.id_cita, c.estado, c.dni_medico"
                                      Inner Unique: true
                                      Hash Cond: (c.dni_medico = m.dni)
                                      Buffers: shared hit=241
                                      ->  Seq Scan on public.cita c  (cost=0.00..299.00 rows=3238 width=22) (actual time=0.008..1.967 rows=3245 loops=1)
"                                            Output: c.id_cita, c.dni_paciente, c.dni_medico, c.fecha, c.hora, c.estado, c.dni_personal, c.numero_consultorio"
                                            Filter: (c.fecha >= (CURRENT_DATE - '6 mons'::interval))
                                            Rows Removed by Filter: 6755
                                            Buffers: shared hit=124
                                      ->  Hash  (cost=217.00..217.00 rows=10000 width=23) (actual time=3.138..3.140 rows=10000 loops=1)
"                                            Output: m.nombre, m.apellido, m.dni"
                                            Buckets: 16384  Batches: 1  Memory Usage: 667kB
                                            Buffers: shared hit=117
                                            ->  Seq Scan on public.medico m  (cost=0.00..217.00 rows=10000 width=23) (actual time=0.005..1.442 rows=10000 loops=1)
"                                                  Output: m.nombre, m.apellido, m.dni"
                                                  Buffers: shared hit=117
Planning:
  Buffers: shared hit=402 read=1
Planning Time: 2.412 ms
Execution Time: 16.989 ms
