Sort  (cost=1918.69..1924.23 rows=2217 width=158) (actual time=38.249..38.264 rows=291 loops=1)
"  Output: p.dni, ((((p.nombre)::text || ' '::text) || (p.apellido)::text)), p.tipo_seguro, (count(c.id_cita)), (count(DISTINCT c.dni_medico)), (count(DISTINCT me.nombre_especialidad)), (min(c.fecha)), (max(c.fecha)), (avg((EXTRACT(epoch FROM c.hora) / '3600'::numeric))), (string_agg(DISTINCT (me.nombre_especialidad)::text, ', '::text)), p.nombre, p.apellido"
"  Sort Key: (count(c.id_cita)) DESC, (count(DISTINCT me.nombre_especialidad)) DESC"
  Sort Method: quicksort  Memory: 80kB
  Buffers: shared hit=335
  ->  GroupAggregate  (cost=1485.15..1795.49 rows=2217 width=158) (actual time=20.158..38.129 rows=291 loops=1)
"        Output: p.dni, (((p.nombre)::text || ' '::text) || (p.apellido)::text), p.tipo_seguro, count(c.id_cita), count(DISTINCT c.dni_medico), count(DISTINCT me.nombre_especialidad), min(c.fecha), max(c.fecha), avg((EXTRACT(epoch FROM c.hora) / '3600'::numeric)), string_agg(DISTINCT (me.nombre_especialidad)::text, ', '::text), p.nombre, p.apellido"
        Group Key: p.dni
        Filter: (count(c.id_cita) >= 3)
        Rows Removed by Filter: 4605
        Buffers: shared hit=335
        ->  Sort  (cost=1485.15..1501.78 rows=6650 width=72) (actual time=20.022..20.525 rows=6642 loops=1)
"              Output: p.dni, p.nombre, p.apellido, p.tipo_seguro, c.id_cita, c.dni_medico, me.nombre_especialidad, c.fecha, c.hora"
              Sort Key: p.dni
              Sort Method: quicksort  Memory: 958kB
              Buffers: shared hit=332
              ->  Hash Join  (cost=655.00..1062.90 rows=6650 width=72) (actual time=6.246..11.856 rows=6642 loops=1)
"                    Output: p.dni, p.nombre, p.apellido, p.tipo_seguro, c.id_cita, c.dni_medico, me.nombre_especialidad, c.fecha, c.hora"
                    Hash Cond: (c.dni_medico = me.dni_medico)
                    Buffers: shared hit=329
                    ->  Hash Join  (cost=356.00..672.47 rows=6650 width=55) (actual time=3.985..7.556 rows=6642 loops=1)
"                          Output: p.dni, p.nombre, p.apellido, p.tipo_seguro, c.id_cita, c.dni_medico, c.fecha, c.hora"
                          Inner Unique: true
                          Hash Cond: (c.dni_paciente = p.dni)
                          Buffers: shared hit=255
                          ->  Seq Scan on public.cita c  (cost=0.00..299.00 rows=6650 width=34) (actual time=0.009..1.521 rows=6642 loops=1)
"                                Output: c.id_cita, c.dni_paciente, c.dni_medico, c.fecha, c.hora, c.estado, c.dni_personal, c.numero_consultorio"
                                Filter: (c.fecha >= (CURRENT_DATE - '1 year'::interval))
                                Rows Removed by Filter: 3358
                                Buffers: shared hit=124
                          ->  Hash  (cost=231.00..231.00 rows=10000 width=30) (actual time=3.922..3.923 rows=10000 loops=1)
"                                Output: p.dni, p.nombre, p.apellido, p.tipo_seguro"
                                Buckets: 16384  Batches: 1  Memory Usage: 735kB
                                Buffers: shared hit=131
                                ->  Seq Scan on public.paciente p  (cost=0.00..231.00 rows=10000 width=30) (actual time=0.011..1.954 rows=10000 loops=1)
"                                      Output: p.dni, p.nombre, p.apellido, p.tipo_seguro"
                                      Buffers: shared hit=131
                    ->  Hash  (cost=174.00..174.00 rows=10000 width=26) (actual time=2.247..2.248 rows=10000 loops=1)
"                          Output: me.nombre_especialidad, me.dni_medico"
                          Buckets: 16384  Batches: 1  Memory Usage: 704kB
                          Buffers: shared hit=74
                          ->  Seq Scan on public.medico_especialidad me  (cost=0.00..174.00 rows=10000 width=26) (actual time=0.005..0.823 rows=10000 loops=1)
"                                Output: me.nombre_especialidad, me.dni_medico"
                                Buffers: shared hit=74
Planning:
  Buffers: shared hit=99
Planning Time: 0.699 ms
Execution Time: 38.403 ms
