Sort  (cost=1916.97..1922.50 rows=2213 width=158) (actual time=36.389..36.403 rows=289 loops=1)
"  Output: p.dni, ((((p.nombre)::text || ' '::text) || (p.apellido)::text)), p.tipo_seguro, (count(c.id_cita)), (count(DISTINCT c.dni_medico)), (count(DISTINCT me.nombre_especialidad)), (min(c.fecha)), (max(c.fecha)), (avg((EXTRACT(epoch FROM c.hora) / '3600'::numeric))), (string_agg(DISTINCT (me.nombre_especialidad)::text, ', '::text)), p.nombre, p.apellido"
"  Sort Key: (count(c.id_cita)) DESC, (count(DISTINCT me.nombre_especialidad)) DESC"
  Sort Method: quicksort  Memory: 80kB
  Buffers: shared hit=329
  ->  GroupAggregate  (cost=1484.19..1794.01 rows=2213 width=158) (actual time=18.664..36.285 rows=289 loops=1)
"        Output: p.dni, (((p.nombre)::text || ' '::text) || (p.apellido)::text), p.tipo_seguro, count(c.id_cita), count(DISTINCT c.dni_medico), count(DISTINCT me.nombre_especialidad), min(c.fecha), max(c.fecha), avg((EXTRACT(epoch FROM c.hora) / '3600'::numeric)), string_agg(DISTINCT (me.nombre_especialidad)::text, ', '::text), p.nombre, p.apellido"
        Group Key: p.dni
        Filter: (count(c.id_cita) >= 3)
        Rows Removed by Filter: 4597
        Buffers: shared hit=329
        ->  Sort  (cost=1484.19..1500.79 rows=6639 width=72) (actual time=18.590..19.013 rows=6621 loops=1)
"              Output: p.dni, p.nombre, p.apellido, p.tipo_seguro, c.id_cita, c.dni_medico, me.nombre_especialidad, c.fecha, c.hora"
              Sort Key: p.dni
              Sort Method: quicksort  Memory: 955kB
              Buffers: shared hit=329
              ->  Hash Join  (cost=655.00..1062.72 rows=6639 width=72) (actual time=5.256..11.064 rows=6621 loops=1)
"                    Output: p.dni, p.nombre, p.apellido, p.tipo_seguro, c.id_cita, c.dni_medico, me.nombre_especialidad, c.fecha, c.hora"
                    Hash Cond: (c.dni_medico = me.dni_medico)
                    Buffers: shared hit=329
                    ->  Hash Join  (cost=356.00..672.44 rows=6639 width=55) (actual time=3.187..6.788 rows=6621 loops=1)
"                          Output: p.dni, p.nombre, p.apellido, p.tipo_seguro, c.id_cita, c.dni_medico, c.fecha, c.hora"
                          Inner Unique: true
                          Hash Cond: (c.dni_paciente = p.dni)
                          Buffers: shared hit=255
                          ->  Seq Scan on public.cita c  (cost=0.00..299.00 rows=6639 width=34) (actual time=0.006..1.523 rows=6621 loops=1)
"                                Output: c.id_cita, c.dni_paciente, c.dni_medico, c.fecha, c.hora, c.estado, c.dni_personal, c.numero_consultorio"
                                Filter: (c.fecha >= (CURRENT_DATE - '1 year'::interval))
                                Rows Removed by Filter: 3379
                                Buffers: shared hit=124
                          ->  Hash  (cost=231.00..231.00 rows=10000 width=30) (actual time=3.162..3.163 rows=10000 loops=1)
"                                Output: p.dni, p.nombre, p.apellido, p.tipo_seguro"
                                Buckets: 16384  Batches: 1  Memory Usage: 735kB
                                Buffers: shared hit=131
                                ->  Seq Scan on public.paciente p  (cost=0.00..231.00 rows=10000 width=30) (actual time=0.003..1.509 rows=10000 loops=1)
"                                      Output: p.dni, p.nombre, p.apellido, p.tipo_seguro"
                                      Buffers: shared hit=131
                    ->  Hash  (cost=174.00..174.00 rows=10000 width=26) (actual time=2.052..2.053 rows=10000 loops=1)
"                          Output: me.nombre_especialidad, me.dni_medico"
                          Buckets: 16384  Batches: 1  Memory Usage: 704kB
                          Buffers: shared hit=74
                          ->  Seq Scan on public.medico_especialidad me  (cost=0.00..174.00 rows=10000 width=26) (actual time=0.008..0.821 rows=10000 loops=1)
"                                Output: me.nombre_especialidad, me.dni_medico"
                                Buffers: shared hit=74
Planning:
  Buffers: shared hit=26
Planning Time: 0.473 ms
Execution Time: 36.539 ms
